  7,3    0        1     0.000000000 19802  Q   R 8 + 8 [mount]
  7,3    2        1     0.000006538 19756  Q   R 792 + 8 [systemd-udevd]
  7,3    2        2     0.000049511 19756  Q   R 800 + 8 [systemd-udevd]
  7,3    0        2     0.000072183 19802  Q  RA 2320 + 8 [mount]
  7,3    0        3     0.000080642 19802  Q  RA 2328 + 8 [mount]
  7,3    2        3     0.000082456 19756  Q   R 808 + 8 [systemd-udevd]
  7,3    0        4     0.000082597 19802  Q  RA 2336 + 8 [mount]
  7,3    0        5     0.000084594 19802  Q  RA 2344 + 8 [mount]
  7,3    0        6     0.000088011 19802  Q  RA 2352 + 8 [mount]
  7,3    0        7     0.000090057 19802  Q  RA 2360 + 8 [mount]
  7,3    0        8     0.000091778 19802  Q  RA 2368 + 8 [mount]
  7,3    0        9     0.000093291 19802  Q  RA 2376 + 8 [mount]
  7,3    0       10     0.000094949 19802  Q  RA 2384 + 8 [mount]
  7,3    0       11     0.000097034 19802  Q  RA 2392 + 8 [mount]
  7,3    0       12     0.000098796 19802  Q  RA 2400 + 8 [mount]
  7,3    0       13     0.000102995 19802  Q  RA 2408 + 8 [mount]
  7,3    0       14     0.000104819 19802  Q  RA 2416 + 8 [mount]
  7,3    0       15     0.000106668 19802  Q  RA 2424 + 8 [mount]
  7,3    0       16     0.000108419 19802  Q  RA 2432 + 8 [mount]
  7,3    0       17     0.000110096 19802  Q  RA 2440 + 8 [mount]
  7,3    0       18     0.000111679 19802  Q  RA 2448 + 8 [mount]
  7,3    0       19     0.000113428 19802  Q  RA 2456 + 8 [mount]
  7,3    0       20     0.000115533 19802  Q  RA 2464 + 8 [mount]
  7,3    0       21     0.000117284 19802  Q  RA 2472 + 8 [mount]
  7,3    0       22     0.000119171 19802  Q  RA 2480 + 8 [mount]
  7,3    2        4     0.000119955 19756  Q   R 816 + 8 [systemd-udevd]
  7,3    0       23     0.000125744 19802  Q  RA 2488 + 8 [mount]
  7,3    0       24     0.000127843 19802  Q  RA 2496 + 8 [mount]
  7,3    0       25     0.000129946 19802  Q  RA 2504 + 8 [mount]
  7,3    0       26     0.000131643 19802  Q  RA 2512 + 8 [mount]
  7,3    0       27     0.000134709 19802  Q  RA 2520 + 8 [mount]
  7,3    0       28     0.000136731 19802  Q  RA 2528 + 8 [mount]
  7,3    0       29     0.000138488 19802  Q  RA 2536 + 8 [mount]
  7,3    0       30     0.000139935 19802  Q  RA 2544 + 8 [mount]
  7,3    0       31     0.000141477 19802  Q  RA 2552 + 8 [mount]
  7,3    0       32     0.000143215 19802  Q  RA 2560 + 8 [mount]
  7,3    0       33     0.000144940 19802  Q  RA 2568 + 8 [mount]
  7,3    0       34     0.000145440 19802  Q  RM 2312 + 8 [mount]
  7,3    2        5     0.000174087 19756  Q   R 824 + 8 [systemd-udevd]
  7,3    2        6     0.000216561 19756  Q   R 832 + 8 [systemd-udevd]
  7,3    0       35     0.000223863 19802  Q   R 3932160 + 8 [mount]
  7,3    2        7     0.000255370 19756  Q   R 840 + 8 [systemd-udevd]
  7,3    2        8     0.000290082 19756  Q   R 848 + 8 [systemd-udevd]
  7,3    2        9     0.000323291 19756  Q   R 856 + 8 [systemd-udevd]
  7,3    2       10     0.000359707 19756  Q   R 864 + 8 [systemd-udevd]
  7,3    0       36     0.000391389 19802  Q  WS 0 + 8 [mount]
  7,3    2       11     0.000397920 19756  Q   R 872 + 8 [systemd-udevd]
  7,3    2       12     0.000466988 19756  Q   R 880 + 8 [systemd-udevd]
  7,3    2       13     0.000503878 19756  Q   R 888 + 8 [systemd-udevd]
  7,3    2       14     0.000539380 19756  Q   R 896 + 8 [systemd-udevd]
  7,3    2       15     0.000577247 19756  Q   R 904 + 8 [systemd-udevd]
  7,3    2       16     0.000692221 19756  Q   R 912 + 8 [systemd-udevd]
  7,3    2       17     0.001208520 19756  Q   R 920 + 8 [systemd-udevd]
  7,3    2       18     0.001301112 19756  Q   R 928 + 8 [systemd-udevd]
  7,3    2       19     0.001400183 19756  Q   R 936 + 8 [systemd-udevd]
  7,3    2       20     0.001465647 19756  Q   R 944 + 8 [systemd-udevd]
  7,3    2       21     0.001505541 19756  Q   R 952 + 8 [systemd-udevd]
  7,3    2       22     0.001556017 19756  Q   R 960 + 8 [systemd-udevd]
  7,3    2       23     0.001596277 19756  Q   R 968 + 8 [systemd-udevd]
  7,3    2       24     0.001630262 19756  Q   R 976 + 8 [systemd-udevd]
  7,3    2       25     0.001668169 19756  Q   R 984 + 8 [systemd-udevd]
  7,3    2       26     0.001896199 19756  Q   R 992 + 8 [systemd-udevd]
  7,3    2       27     0.001947685 19756  Q   R 1000 + 8 [systemd-udevd]
  7,3    2       28     0.001998555 19756  Q   R 1008 + 8 [systemd-udevd]
  7,3    2       29     0.002503196 19756  Q   R 1016 + 8 [systemd-udevd]
  7,3    2       30     0.002561947 19756  Q   R 16 + 8 [systemd-udevd]
  7,3    2       31     0.002635315 19756  Q   R 128 + 8 [systemd-udevd]
  7,3    2       32     0.002777481 19756  Q   R 512 + 8 [systemd-udevd]
  7,3    2       33     0.003038565 19756  Q   R 32 + 8 [systemd-udevd]
  7,3    2       34     0.003239908 19756  Q   R 4096 + 8 [systemd-udevd]
  7,3    2       35     0.003306287 19756  Q   R 56 + 8 [systemd-udevd]
  7,3    2       36     0.004065579 19756  Q   R 8388480 + 8 [systemd-udevd]
  7,3    2       37     0.005371918 19756  Q   R 8388592 + 8 [systemd-udevd]
  7,3    2       38     0.005456133 19756  Q   R 8388600 + 8 [systemd-udevd]
  7,3    2       39     0.005504196 19756  Q   R 8388344 + 8 [systemd-udevd]
  7,3    2       40     0.005586650 19756  Q   R 8388544 + 8 [systemd-udevd]
  7,3    2       41     0.005634619 19756  Q   R 8388352 + 8 [systemd-udevd]
  7,3    2       42     0.005680069 19756  Q   R 8388208 + 8 [systemd-udevd]
  7,3    2       43     0.005720065 19756  Q   R 8388016 + 8 [systemd-udevd]
  7,3    2       44     0.005758664 19756  Q   R 8387928 + 8 [systemd-udevd]
  7,3    2       45     0.005796247 19756  Q   R 8387872 + 8 [systemd-udevd]
  7,3    2       46     0.005835449 19756  Q   R 8387696 + 8 [systemd-udevd]
  7,3    2       47     0.005874889 19756  Q   R 8387632 + 8 [systemd-udevd]
  7,3    2       48     0.005914049 19756  Q   R 8387616 + 8 [systemd-udevd]
  7,3    2       49     0.005992347 19756  Q   R 8387656 + 8 [systemd-udevd]
  7,3    2       50     0.006064532 19756  Q   R 8385520 + 8 [systemd-udevd]
  7,3    2       51     0.006143431 19756  Q   R 2048 + 8 [systemd-udevd]
  7,3    2       52     0.006198821 19756  Q   R 24 + 8 [systemd-udevd]
  7,3    2       53     0.006281462 19756  Q   R 120 + 8 [systemd-udevd]
  7,3    2       54     0.006381222 19756  Q   R 64 + 8 [systemd-udevd]
  7,3    2       55     0.006433883 19756  Q   R 256 + 8 [systemd-udevd]
  7,3    2       56     0.006485228 19756  Q   R 264 + 8 [systemd-udevd]
  7,3    2       57     0.006577949 19756  Q   R 272 + 8 [systemd-udevd]
  7,3    2       58     0.006622814 19756  Q   R 280 + 8 [systemd-udevd]
  7,3    2       59     0.006662491 19756  Q   R 288 + 8 [systemd-udevd]
  7,3    2       60     0.006724444 19756  Q   R 296 + 8 [systemd-udevd]
  7,3    2       61     0.006796139 19756  Q   R 304 + 8 [systemd-udevd]
  7,3    2       62     0.006837959 19756  Q   R 312 + 8 [systemd-udevd]
  7,3    2       63     0.006880077 19756  Q   R 320 + 8 [systemd-udevd]
  7,3    2       64     0.006916805 19756  Q   R 328 + 8 [systemd-udevd]
  7,3    2       65     0.006956056 19756  Q   R 336 + 8 [systemd-udevd]
  7,3    2       66     0.006993266 19756  Q   R 344 + 8 [systemd-udevd]
  7,3    2       67     0.007031974 19756  Q   R 352 + 8 [systemd-udevd]
  7,3    2       68     0.007069200 19756  Q   R 360 + 8 [systemd-udevd]
  7,3    2       69     0.007104877 19756  Q   R 368 + 8 [systemd-udevd]
  7,3    2       70     0.007143820 19756  Q   R 376 + 8 [systemd-udevd]
  7,3    2       71     0.007178881 19756  Q   R 384 + 8 [systemd-udevd]
  7,3    2       72     0.007218618 19756  Q   R 392 + 8 [systemd-udevd]
  7,3    2       73     0.007253897 19756  Q   R 400 + 8 [systemd-udevd]
  7,3    2       74     0.007294030 19756  Q   R 408 + 8 [systemd-udevd]
  7,3    2       75     0.007329455 19756  Q   R 416 + 8 [systemd-udevd]
  7,3    2       76     0.007369704 19756  Q   R 424 + 8 [systemd-udevd]
  7,3    2       77     0.007404995 19756  Q   R 432 + 8 [systemd-udevd]
  7,3    2       78     0.007446640 19756  Q   R 440 + 8 [systemd-udevd]
  7,3    2       79     0.007482645 19756  Q   R 448 + 8 [systemd-udevd]
  7,3    2       80     0.007524531 19756  Q   R 456 + 8 [systemd-udevd]
  7,3    2       81     0.007563688 19756  Q   R 464 + 8 [systemd-udevd]
  7,3    2       82     0.007751408 19756  Q   R 472 + 8 [systemd-udevd]
  7,3    2       83     0.007786645 19756  Q   R 480 + 8 [systemd-udevd]
  7,3    2       84     0.007826086 19756  Q   R 488 + 8 [systemd-udevd]
  7,3    2       85     0.007864344 19756  Q   R 496 + 8 [systemd-udevd]
  7,3    2       86     0.007904525 19756  Q   R 504 + 8 [systemd-udevd]
  7,3    2       87     0.007946405 19756  Q   R 768 + 8 [systemd-udevd]
  7,3    2       88     0.007986148 19756  Q   R 776 + 8 [systemd-udevd]
  7,3    3        1     0.085997926 19816  Q  RM 67848 + 8 [docker]
  7,3    3        2     0.086068963 19816  Q  RM 6408 + 8 [docker]
  7,3    3        3     0.086442740 19816  Q  RA 4194816 + 8 [docker]
  7,3    3        4     0.086453131 19816  Q  RA 4194824 + 8 [docker]
  7,3    3        5     0.086454964 19816  Q  RA 4194832 + 8 [docker]
  7,3    3        6     0.086456672 19816  Q  RA 4194840 + 8 [docker]
  7,3    3        7     0.086458585 19816  Q  RA 4194848 + 8 [docker]
  7,3    3        8     0.086462517 19816  Q  RA 4194856 + 8 [docker]
  7,3    3        9     0.086464179 19816  Q  RA 4194864 + 8 [docker]
  7,3    3       10     0.086465783 19816  Q  RA 4194872 + 8 [docker]
  7,3    3       11     0.086467385 19816  Q  RA 4194880 + 8 [docker]
  7,3    3       12     0.086468878 19816  Q  RA 4194888 + 8 [docker]
  7,3    3       13     0.086470753 19816  Q  RA 4194896 + 8 [docker]
  7,3    3       14     0.086472630 19816  Q  RA 4194912 + 8 [docker]
  7,3    3       15     0.086474107 19816  Q  RA 4194920 + 8 [docker]
  7,3    3       16     0.086475665 19816  Q  RA 4194928 + 8 [docker]
  7,3    3       17     0.086476961 19816  Q  RA 4194936 + 8 [docker]
  7,3    3       18     0.086478590 19816  Q  RA 4194944 + 8 [docker]
  7,3    3       19     0.086479875 19816  Q  RA 4194952 + 8 [docker]
  7,3    3       20     0.086481437 19816  Q  RA 4194960 + 8 [docker]
  7,3    3       21     0.086482866 19816  Q  RA 4194968 + 8 [docker]
  7,3    3       22     0.086485359 19816  Q  RA 4194976 + 8 [docker]
  7,3    3       23     0.086486863 19816  Q  RA 4194984 + 8 [docker]
  7,3    3       24     0.086488281 19816  Q  RA 4194992 + 8 [docker]
  7,3    3       25     0.086490508 19816  Q  RA 4195000 + 8 [docker]
  7,3    3       26     0.086491988 19816  Q  RA 4195008 + 8 [docker]
  7,3    3       27     0.086493689 19816  Q  RA 4195016 + 8 [docker]
  7,3    3       28     0.086495082 19816  Q  RA 4195024 + 8 [docker]
  7,3    3       29     0.086496403 19816  Q  RA 4195032 + 8 [docker]
  7,3    3       30     0.086497789 19816  Q  RA 4195040 + 8 [docker]
  7,3    3       31     0.086499574 19816  Q  RA 4195048 + 8 [docker]
  7,3    3       32     0.086500989 19816  Q  RA 4195056 + 8 [docker]
  7,3    3       33     0.086502260 19816  Q  RA 4195064 + 8 [docker]
  7,3    3       34     0.086505058 19816  Q  RA 4195072 + 8 [docker]
  7,3    3       35     0.086505652 19816  Q  RM 4194904 + 8 [docker]
  7,3    3       36     0.086621584 19816  Q  RM 4260512 + 8 [docker]
  7,3    3       37     0.086672185 19816  Q  RM 4260528 + 8 [docker]
  7,3    3       38     0.086713384 19816  Q  RA 4195080 + 8 [docker]
  7,3    3       39     0.086720320 19816  Q  RA 4195088 + 8 [docker]
  7,3    3       40     0.086721900 19816  Q  RA 4195096 + 8 [docker]
  7,3    3       41     0.086723364 19816  Q  RA 4195104 + 8 [docker]
  7,3    3       42     0.086724732 19816  Q  RA 4195112 + 8 [docker]
  7,3    3       43     0.086726000 19816  Q  RA 4195120 + 8 [docker]
  7,3    3       44     0.086727274 19816  Q  RA 4195128 + 8 [docker]
  7,3    3       45     0.086728799 19816  Q  RA 4195136 + 8 [docker]
  7,3    3       46     0.086730102 19816  Q  RA 4195144 + 8 [docker]
  7,3    3       47     0.086731321 19816  Q  RA 4195152 + 8 [docker]
  7,3    3       48     0.086732560 19816  Q  RA 4195160 + 8 [docker]
  7,3    3       49     0.086733751 19816  Q  RA 4195168 + 8 [docker]
  7,3    3       50     0.086736165 19816  Q  RA 4195176 + 8 [docker]
  7,3    3       51     0.086737610 19816  Q  RA 4195184 + 8 [docker]
  7,3    3       52     0.086739544 19816  Q  RA 4195192 + 8 [docker]
  7,3    3       53     0.086741102 19816  Q  RA 4195208 + 8 [docker]
  7,3    3       54     0.086742491 19816  Q  RA 4195216 + 8 [docker]
  7,3    3       55     0.086742960 19816  Q  RM 4195200 + 8 [docker]
  7,3    3       56     0.086889907 19816  Q  RM 67912 + 8 [docker]
  7,3    3       57     0.086991394 19816  Q  RA 6144 + 8 [docker]
  7,3    3       58     0.086998910 19816  Q  RA 6152 + 8 [docker]
  7,3    3       59     0.087000640 19816  Q  RA 6160 + 8 [docker]
  7,3    3       60     0.087002273 19816  Q  RA 6168 + 8 [docker]
  7,3    3       61     0.087003649 19816  Q  RA 6176 + 8 [docker]
  7,3    3       62     0.087005000 19816  Q  RA 6184 + 8 [docker]
  7,3    3       63     0.087006374 19816  Q  RA 6192 + 8 [docker]
  7,3    3       64     0.087009264 19816  Q  RA 6200 + 8 [docker]
  7,3    3       65     0.087014474 19816  Q  RA 6208 + 8 [docker]
  7,3    3       66     0.087015205 19816  Q  RM 6216 + 8 [docker]
  7,3    3       67     0.103701353 19816  Q  RM 4194432 + 8 [docker]
  7,3    3       68     0.106390337 19816  Q  RA 4194568 + 8 [docker]
  7,3    3       69     0.106402635 19816  Q  RA 4194576 + 8 [docker]
  7,3    3       70     0.106404448 19816  Q  RA 4194584 + 8 [docker]
  7,3    3       71     0.106406249 19816  Q  RA 4194592 + 8 [docker]
  7,3    3       72     0.106408464 19816  Q  RA 4194600 + 8 [docker]
  7,3    3       73     0.106410222 19816  Q  RA 4194608 + 8 [docker]
  7,3    3       74     0.106411999 19816  Q  RA 4194616 + 8 [docker]
  7,3    3       75     0.106413820 19816  Q  RA 4194624 + 8 [docker]
  7,3    3       76     0.106417090 19816  Q  RA 4194632 + 8 [docker]
  7,3    3       77     0.106418485 19816  Q  RA 4194640 + 8 [docker]
  7,3    3       78     0.106420118 19816  Q  RA 4194648 + 8 [docker]
  7,3    3       79     0.106421530 19816  Q  RA 4194656 + 8 [docker]
  7,3    3       80     0.106423404 19816  Q  RA 4194664 + 8 [docker]
  7,3    3       81     0.106425228 19816  Q  RA 4194672 + 8 [docker]
  7,3    3       82     0.106426692 19816  Q  RA 4194680 + 8 [docker]
  7,3    3       83     0.106428217 19816  Q  RA 4194688 + 8 [docker]
  7,3    3       84     0.106430116 19816  Q  RA 4194696 + 8 [docker]
  7,3    3       85     0.106435243 19816  Q  RA 4194704 + 8 [docker]
  7,3    3       86     0.106436861 19816  Q  RA 4194712 + 8 [docker]
  7,3    3       87     0.106438417 19816  Q  RA 4194720 + 8 [docker]
  7,3    3       88     0.106440044 19816  Q  RA 4194728 + 8 [docker]
  7,3    3       89     0.106441575 19816  Q  RA 4194736 + 8 [docker]
  7,3    3       90     0.106444382 19816  Q  RA 4194744 + 8 [docker]
  7,3    3       91     0.106445865 19816  Q  RA 4194752 + 8 [docker]
  7,3    3       92     0.106447315 19816  Q  RA 4194760 + 8 [docker]
  7,3    3       93     0.106448845 19816  Q  RA 4194768 + 8 [docker]
  7,3    3       94     0.106450681 19816  Q  RA 4194776 + 8 [docker]
  7,3    3       95     0.106452486 19816  Q  RA 4194784 + 8 [docker]
  7,3    3       96     0.106454113 19816  Q  RA 4194792 + 8 [docker]
  7,3    3       97     0.106456702 19816  Q  RA 4194800 + 8 [docker]
  7,3    3       98     0.106458352 19816  Q  RA 4194808 + 8 [docker]
  7,3    3       99     0.106459732 19816  Q  RM 4194560 + 8 [docker]
  7,3    3      100     0.129146460 19816  Q  RM 4194304 + 8 [docker]
  7,3    3      101     0.145120090 19816  Q   R 513152 + 8 [docker]
  7,3    3      102     0.148052930 19816  Q   R 512992 + 8 [docker]
  7,3    3      103     0.151638902 19816  Q  RM 68520 + 8 [docker]
  7,3    3      104     0.155832391 19816  Q  RA 2816 + 8 [docker]
  7,3    3      105     0.155846779 19816  Q  RA 2824 + 8 [docker]
  7,3    3      106     0.155856064 19816  Q  RA 2832 + 8 [docker]
  7,3    3      107     0.155864781 19816  Q  RA 2840 + 8 [docker]
  7,3    3      108     0.155873547 19816  Q  RA 2848 + 8 [docker]
  7,3    3      109     0.155882821 19816  Q  RA 2856 + 8 [docker]
  7,3    3      110     0.155894746 19816  Q  RA 2864 + 8 [docker]
  7,3    3      111     0.155903529 19816  Q  RA 2872 + 8 [docker]
  7,3    3      112     0.155912448 19816  Q  RA 2888 + 8 [docker]
  7,3    3      113     0.155920634 19816  Q  RA 2896 + 8 [docker]
  7,3    3      114     0.155928850 19816  Q  RA 2904 + 8 [docker]
  7,3    3      115     0.155937107 19816  Q  RA 2912 + 8 [docker]
  7,3    3      116     0.155946695 19816  Q  RA 2920 + 8 [docker]
  7,3    3      117     0.155955346 19816  Q  RA 2928 + 8 [docker]
  7,3    3      118     0.155963446 19816  Q  RA 2936 + 8 [docker]
  7,3    3      119     0.155971890 19816  Q  RA 2944 + 8 [docker]
  7,3    3      120     0.155980031 19816  Q  RA 2952 + 8 [docker]
  7,3    3      121     0.155988010 19816  Q  RA 2960 + 8 [docker]
  7,3    3      122     0.155996017 19816  Q  RA 2968 + 8 [docker]
  7,3    3      123     0.156003919 19816  Q  RA 2976 + 8 [docker]
  7,3    3      124     0.156011974 19816  Q  RA 2984 + 8 [docker]
  7,3    3      125     0.156020157 19816  Q  RA 2992 + 8 [docker]
  7,3    3      126     0.156028251 19816  Q  RA 3000 + 8 [docker]
  7,3    3      127     0.156410124 19816  Q  RA 3008 + 8 [docker]
  7,3    3      128     0.156452380 19816  Q  RA 3016 + 8 [docker]
  7,3    3      129     0.156465114 19816  Q  RA 3024 + 8 [docker]
  7,3    3      130     0.156477741 19816  Q  RA 3032 + 8 [docker]
  7,3    3      131     0.156486785 19816  Q  RA 3040 + 8 [docker]
  7,3    3      132     0.156495568 19816  Q  RA 3048 + 8 [docker]
  7,3    3      133     0.156503626 19816  Q  RA 3056 + 8 [docker]
  7,3    3      134     0.156512025 19816  Q  RA 3064 + 8 [docker]
  7,3    3      135     0.156520551 19816  Q  RA 3072 + 8 [docker]
  7,3    3      136     0.156527842 19816  Q  RM 2880 + 8 [docker]
  7,3    3      137     0.156542846 19816  Q  RM 69136 + 8 [docker]
  7,3    3      138     0.166484353 19816  Q  RM 69184 + 8 [docker]
  7,3    3      139     0.169661023 19816  Q  RM 69144 + 8 [docker]
  7,3    3      140     0.175022030 19816  Q  RM 69216 + 8 [docker]
  7,3    3      141     0.178062260 19816  Q  RA 5888 + 8 [docker]
  7,3    3      142     0.178074936 19816  Q  RA 5896 + 8 [docker]
  7,3    3      143     0.178076959 19816  Q  RA 5904 + 8 [docker]
  7,3    3      144     0.178081412 19816  Q  RA 5912 + 8 [docker]
  7,3    3      145     0.178083255 19816  Q  RA 5920 + 8 [docker]
  7,3    3      146     0.178085207 19816  Q  RA 5928 + 8 [docker]
  7,3    3      147     0.178086719 19816  Q  RA 5936 + 8 [docker]
  7,3    3      148     0.178088425 19816  Q  RA 5944 + 8 [docker]
  7,3    3      149     0.178090341 19816  Q  RA 5952 + 8 [docker]
  7,3    3      150     0.178092090 19816  Q  RA 5960 + 8 [docker]
  7,3    3      151     0.178093651 19816  Q  RA 5968 + 8 [docker]
  7,3    3      152     0.178095523 19816  Q  RA 5976 + 8 [docker]
  7,3    3      153     0.178097157 19816  Q  RA 5984 + 8 [docker]
  7,3    3      154     0.178099614 19816  Q  RA 5992 + 8 [docker]
  7,3    3      155     0.178101285 19816  Q  RA 6000 + 8 [docker]
  7,3    3      156     0.178102828 19816  Q  RA 6008 + 8 [docker]
  7,3    3      157     0.178108448 19816  Q  RA 6016 + 8 [docker]
  7,3    3      158     0.178111296 19816  Q  RA 6024 + 8 [docker]
  7,3    3      159     0.178112751 19816  Q  RA 6032 + 8 [docker]
  7,3    3      160     0.178114270 19816  Q  RA 6040 + 8 [docker]
  7,3    3      161     0.178116105 19816  Q  RA 6048 + 8 [docker]
  7,3    3      162     0.178117774 19816  Q  RA 6056 + 8 [docker]
  7,3    3      163     0.178119580 19816  Q  RA 6072 + 8 [docker]
  7,3    3      164     0.178121064 19816  Q  RA 6080 + 8 [docker]
  7,3    3      165     0.178122551 19816  Q  RA 6088 + 8 [docker]
  7,3    3      166     0.178124260 19816  Q  RA 6096 + 8 [docker]
  7,3    3      167     0.178125888 19816  Q  RA 6104 + 8 [docker]
  7,3    3      168     0.178127336 19816  Q  RA 6112 + 8 [docker]
  7,3    3      169     0.178128724 19816  Q  RA 6120 + 8 [docker]
  7,3    3      170     0.178130327 19816  Q  RA 6128 + 8 [docker]
  7,3    3      171     0.178132175 19816  Q  RA 6136 + 8 [docker]
  7,3    3      172     0.178133513 19816  Q  RM 6064 + 8 [docker]
  7,3    0       37     0.226515871 19816  Q   R 520280 + 32 [docker]
  7,3    0       38     0.400058248 19816  Q  RM 68424 + 8 [docker]
  7,3    0       39     0.412326670 19816  Q  RM 4260120 + 8 [docker]
  7,3    0       40     0.425940817 19816  Q  RM 4260496 + 8 [docker]
  7,3    0       41     0.438823680 19816  Q   R 4513344 + 32 [docker]
  7,3    0       42     0.458427630 19816  Q   R 521984 + 136 [docker]
  7,3    0       43     0.485011591 19816  Q   R 4513480 + 144 [docker]
  7,3    0       44     0.506740417 19816  Q   R 4513376 + 104 [docker]
  7,3    0       45     0.507101892 19816  Q   R 521784 + 200 [docker]
  7,3    0       46     0.540454020 19816  Q   R 513056 + 16 [docker]
  7,3    0       47     0.562951147 19816  Q   R 4593632 + 32 [docker]
  7,3    0       48     0.581852260 19816  Q   R 4593696 + 208 [docker]
  7,3    0       49     0.623640450 19816  Q   R 4593664 + 32 [docker]
  7,3    0       50     0.624075919 19816  Q   R 4518576 + 32 [docker]
  7,3    0       51     0.640710368 19816  Q   R 4518608 + 40 [docker]
  7,3    0       52     0.652694543 19816  Q   R 4592608 + 32 [docker]
  7,3    0       53     0.668086232 19816  Q   R 4593352 + 136 [docker]
  7,3    0       54     0.713912463 19816  Q  RA 2576 + 8 [docker]
  7,3    0       55     0.713931311 19816  Q  RA 2584 + 8 [docker]
  7,3    0       56     0.713942004 19816  Q  RA 2592 + 8 [docker]
  7,3    0       57     0.713952035 19816  Q  RA 2600 + 8 [docker]
  7,3    0       58     0.713960939 19816  Q  RA 2608 + 8 [docker]
  7,3    0       59     0.713970519 19816  Q  RA 2616 + 8 [docker]
  7,3    0       60     0.713980526 19816  Q  RA 2624 + 8 [docker]
  7,3    0       61     0.713989982 19816  Q  RA 2632 + 8 [docker]
  7,3    0       62     0.714000188 19816  Q  RA 2648 + 8 [docker]
  7,3    0       63     0.714010173 19816  Q  RA 2656 + 8 [docker]
  7,3    0       64     0.714020199 19816  Q  RA 2664 + 8 [docker]
  7,3    0       65     0.714031879 19816  Q  RA 2672 + 8 [docker]
  7,3    0       66     0.714041606 19816  Q  RA 2680 + 8 [docker]
  7,3    0       67     0.714051286 19816  Q  RA 2688 + 8 [docker]
  7,3    0       68     0.714060035 19816  Q  RA 2696 + 8 [docker]
  7,3    0       69     0.714069652 19816  Q  RA 2704 + 8 [docker]
  7,3    0       70     0.714079012 19816  Q  RA 2712 + 8 [docker]
  7,3    0       71     0.714088720 19816  Q  RA 2720 + 8 [docker]
  7,3    0       72     0.714101056 19816  Q  RA 2728 + 8 [docker]
  7,3    0       73     0.714110164 19816  Q  RA 2736 + 8 [docker]
  7,3    0       74     0.714118968 19816  Q  RA 2744 + 8 [docker]
  7,3    0       75     0.714128236 19816  Q  RA 2752 + 8 [docker]
  7,3    0       76     0.714138092 19816  Q  RA 2760 + 8 [docker]
  7,3    0       77     0.714147197 19816  Q  RA 2768 + 8 [docker]
  7,3    0       78     0.714156119 19816  Q  RA 2776 + 8 [docker]
  7,3    0       79     0.714167493 19816  Q  RA 2784 + 8 [docker]
  7,3    0       80     0.714177699 19816  Q  RA 2792 + 8 [docker]
  7,3    0       81     0.714187570 19816  Q  RA 2800 + 8 [docker]
  7,3    0       82     0.714197380 19816  Q  RA 2808 + 8 [docker]
  7,3    0       83     0.714206286 19816  Q  RM 2640 + 8 [docker]
  7,3    0       84     0.714223810 19816  Q  RM 68552 + 8 [docker]
  7,3    0       85     0.717401011 19816  Q  RM 68832 + 8 [docker]
  7,3    0       86     0.739946473 19816  Q   R 518944 + 32 [docker]
  7,3    0       87     0.753793810 19816  Q   R 519576 + 136 [docker]
  7,3    0       88     0.767430623 19816  Q   R 518976 + 224 [docker]
  7,3    0       89     0.781449805 19816  Q   R 514912 + 32 [docker]
  7,3    0       90     0.807527741 19816  Q   R 518808 + 136 [docker]
  7,3    0       91     0.830783237 19816  Q   R 515144 + 248 [docker]
  7,3    0       92     0.830801505 19816  Q   R 515392 + 8 [docker]
  7,3    0       93     0.854909659 19816  Q   R 4599424 + 32 [docker]
  7,3    0       94     0.872620768 19816  Q   R 4599504 + 136 [docker]
  7,3    0       95     0.899934951 19816  Q   R 4599456 + 48 [docker]
  7,3    0       96     0.900533007 19816  Q   R 4514816 + 32 [docker]
  7,3    0       97     0.900599681 19816  Q   R 4518048 + 152 [docker]
  7,3    0       98     0.950089842 19816  Q   R 4514864 + 248 [docker]
  7,3    0       99     0.950177121 19816  Q   R 4515112 + 8 [docker]
  7,3    0      100     0.950251509 19816  Q   R 4514272 + 32 [docker]
  7,3    0      101     0.950399885 19816  Q   R 4515120 + 248 [docker]
  7,3    0      102     0.950499447 19816  Q   R 4515368 + 8 [docker]
  7,3    0      103     0.950547319 19816  Q   R 514944 + 200 [docker]
  7,3    0      104     0.950637235 19816  Q   R 4514848 + 16 [docker]
  7,3    0      105     0.957802187 19816  Q   R 4515752 + 248 [docker]
  7,3    0      106     0.957841647 19816  Q   R 4516000 + 8 [docker]
  7,3    0      107     1.001854487 19816  Q   R 4516032 + 248 [docker]
  7,3    0      108     1.001992220 19816  Q   R 4516280 + 8 [docker]
  7,3    0      109     1.002032776 19816  Q   R 4517504 + 248 [docker]
  7,3    0      110     1.002112363 19816  Q   R 4517752 + 8 [docker]
  7,3    0      111     1.026593414 19816  Q   R 4516952 + 248 [docker]
  7,3    0      112     1.026688307 19816  Q   R 4517200 + 8 [docker]
  7,3    0      113     1.026788705 19816  Q   R 518456 + 248 [docker]
  7,3    0      114     1.026809112 19816  Q   R 518704 + 8 [docker]
  7,3    0      115     1.043407883 19816  Q   R 515400 + 248 [docker]
  7,3    0      116     1.043495343 19816  Q   R 515648 + 8 [docker]
  7,3    0      117     1.043533677 19816  Q   R 518712 + 96 [docker]
  7,3    0      118     1.043593671 19816  Q   R 515656 + 248 [docker]
  7,3    0      119     1.043850489 19816  Q   R 515904 + 8 [docker]
  7,3    0      120     1.044073956 19816  Q   R 515912 + 248 [docker]
  7,3    0      121     1.044155172 19816  Q   R 516160 + 8 [docker]
  7,3    0      122     1.044338101 19816  Q   R 519200 + 248 [docker]
  7,3    0      123     1.044442660 19816  Q   R 519448 + 8 [docker]
  7,3    0      124     1.044524161 19816  Q   R 4592640 + 248 [docker]
  7,3    0      125     1.044683186 19816  Q   R 4592888 + 8 [docker]
  7,3    0      126     1.044724905 19816  Q   R 4516632 + 248 [docker]
  7,3    0      127     1.044725781 19816  Q   R 4516880 + 8 [docker]
  7,3    0      128     1.079577641 19816  Q   R 520312 + 224 [docker]
  7,3    0      129     1.079848887 19816  Q   R 4516464 + 168 [docker]
  7,3    0      130     1.080139098 19816  Q   R 517656 + 248 [docker]
  7,3    0      131     1.080205438 19816  Q   R 517904 + 8 [docker]
  7,3    0      132     1.080267607 19816  Q   R 521440 + 248 [docker]
  7,3    0      133     1.080274648 19816  Q   R 521688 + 8 [docker]
  7,3    1        1     1.140466601 19816  Q   R 520936 + 8 [docker]
  7,3    1        2     1.140500174 19816  Q   R 517424 + 232 [docker]
  7,3    1        3     1.140735570 19816  Q   R 517176 + 248 [docker]
  7,3    1        4     1.140907179 19816  Q   R 516792 + 248 [docker]
  7,3    1        5     1.141003808 19816  Q   R 517040 + 8 [docker]
  7,3    1        6     1.141079172 19816  Q   R 517920 + 248 [docker]
  7,3    1        7     1.141180313 19816  Q   R 518168 + 8 [docker]
  7,3    1        8     1.141253937 19816  Q   R 516552 + 240 [docker]
  7,3    1        9     1.141431158 19816  Q  RM 75312 + 8 [docker]
  7,3    0      134     1.109741453 19816  Q   R 520536 + 152 [docker]
  7,3    0      135     1.109885931 19816  Q   R 4517328 + 176 [docker]
  7,3    0      136     1.110407067 19816  Q   R 4515376 + 128 [docker]
  7,3    0      137     1.110531234 19816  Q   R 4515536 + 216 [docker]
  7,3    0      138     1.110659099 19816  Q   R 265168 + 8 [docker]
  7,3    0      139     1.133746047 19816  Q   R 4516008 + 24 [docker]
  7,3    0      140     1.133827721 19816  Q   R 4516288 + 128 [docker]
  7,3    0      141     1.133896647 19816  Q  RM 4260784 + 8 [docker]
  7,3    0      142     1.137311205 19816  Q  RM 4260848 + 8 [docker]
  7,3    0      143     1.139929174 19816  Q   R 520688 + 248 [docker]
  7,3    1       10     1.198191228 19816  Q  RA 5632 + 8 [docker]
  7,3    1       11     1.198208283 19816  Q  RA 5640 + 8 [docker]
  7,3    1       12     1.198232125 19816  Q  RA 5648 + 8 [docker]
  7,3    1       13     1.198243487 19816  Q  RA 5656 + 8 [docker]
  7,3    1       14     1.198254383 19816  Q  RA 5664 + 8 [docker]
  7,3    1       15     1.198263661 19816  Q  RA 5672 + 8 [docker]
  7,3    1       16     1.198272560 19816  Q  RA 5680 + 8 [docker]
  7,3    1       17     1.198282077 19816  Q  RA 5688 + 8 [docker]
  7,3    1       18     1.198291726 19816  Q  RA 5696 + 8 [docker]
  7,3    1       19     1.198301271 19816  Q  RA 5704 + 8 [docker]
  7,3    1       20     1.198308661 19816  Q  RA 5712 + 8 [docker]
  7,3    1       21     1.198314432 19816  Q  RA 5720 + 8 [docker]
  7,3    1       22     1.198323391 19816  Q  RA 5728 + 8 [docker]
  7,3    1       23     1.198330156 19816  Q  RA 5736 + 8 [docker]
  7,3    1       24     1.198339639 19816  Q  RA 5744 + 8 [docker]
  7,3    1       25     1.198348560 19816  Q  RA 5752 + 8 [docker]
  7,3    1       26     1.198358912 19816  Q  RA 5760 + 8 [docker]
  7,3    1       27     1.198368722 19816  Q  RA 5768 + 8 [docker]
  7,3    1       28     1.198374886 19816  Q  RA 5776 + 8 [docker]
  7,3    1       29     1.198380263 19816  Q  RA 5784 + 8 [docker]
  7,3    1       30     1.198386214 19816  Q  RA 5800 + 8 [docker]
  7,3    1       31     1.198391807 19816  Q  RA 5808 + 8 [docker]
  7,3    1       32     1.198397113 19816  Q  RA 5816 + 8 [docker]
  7,3    1       33     1.198402510 19816  Q  RA 5824 + 8 [docker]
  7,3    1       34     1.198410658 19816  Q  RA 5832 + 8 [docker]
  7,3    1       35     1.198419644 19816  Q  RA 5840 + 8 [docker]
  7,3    1       36     1.198428559 19816  Q  RA 5848 + 8 [docker]
  7,3    1       37     1.198437234 19816  Q  RA 5856 + 8 [docker]
  7,3    1       38     1.198446866 19816  Q  RA 5864 + 8 [docker]
  7,3    1       39     1.198453253 19816  Q  RA 5872 + 8 [docker]
  7,3    1       40     1.198459952 19816  Q  RA 5880 + 8 [docker]
  7,3    1       41     1.198465031 19816  Q  RM 5792 + 8 [docker]
  7,3    1       42     1.198476335 19816  Q  RM 74032 + 8 [docker]
  7,3    1       43     1.220721829 19816  Q   R 513720 + 24 [docker]
  7,3    1       44     1.227564114 19816  Q   R 519456 + 120 [docker]
  7,3    1       45     1.227646510 19816  Q   R 517048 + 128 [docker]
  7,3    1       46     1.227965976 19816  Q   R 516224 + 248 [docker]
  7,3    1       47     1.228068983 19816  Q   R 516472 + 8 [docker]
  7,3    1       48     1.228709350 19816  Q   R 516480 + 72 [docker]
  7,3    1       49     1.229867571 19816  Q   R 4517760 + 248 [docker]
  7,3    1       50     1.229971288 19816  Q   R 4518008 + 8 [docker]
  7,3    1       51     1.230156958 19816  Q   R 4516416 + 48 [docker]
  7,3    1       52     1.230252602 19816  Q  RM 74016 + 8 [docker]
  7,3    1       53     1.240066440 19816  Q   R 513120 + 8 [docker]
  7,3    1       54     1.243018013 19816  Q  RM 68472 + 8 [docker]
  7,3    1       55     1.247020247 19816  Q   R 4516888 + 64 [docker]
  7,3    1       56     1.247091530 19816  Q   R 265272 + 8 [docker]
  7,3    1       57     1.250844390 19816  Q   R 4592000 + 32 [docker]
  7,3    2       89     1.294900809 19837  Q   R 521728 + 56 [nginx]
  7,3    2       90     1.294962322 19837  Q  RM 69224 + 8 [nginx]
  7,3    2       91     1.297904686 19837  Q  RM 75472 + 8 [nginx]
  7,3    2       92     1.300669130 19837  Q  RM 75480 + 8 [nginx]
  7,3    1       58     1.259796125 19816  Q   R 4592032 + 32 [docker]
  7,3    1       59     1.267015546 19816  Q   R 4521784 + 32 [docker]
  7,3    1       60     1.267075588 19816  Q   R 4521824 + 136 [docker]
  7,3    1       61     1.267158905 19816  Q   R 4521816 + 8 [docker]
  7,3    1       62     1.267243971 19816  Q   R 4592256 + 32 [docker]
  7,3    1       63     1.278438254 19816  Q   R 4592288 + 56 [docker]
  7,3    1       64     1.278512616 19816  Q   R 4592112 + 32 [docker]
  7,3    1       65     1.278562190 19816  Q   R 4592144 + 64 [docker]
  7,3    1       66     1.278799149 19816  Q   R 520944 + 248 [docker]
  7,3    1       67     1.278879830 19816  Q   R 521192 + 8 [docker]
  7,3    1       68     1.278925223 19816  Q   R 521200 + 136 [docker]
  7,3    1       69     1.278992807 19816  Q   R 521336 + 104 [docker]
  7,3    1       70     1.279034965 19816  Q   R 521696 + 32 [docker]
  7,3    1       71     1.279167176 19816  Q   R 513112 + 8 [docker]
  7,3    1       72     1.282520694 19816  Q  RM 74024 + 8 [docker]
  7,3    1       73     1.285281872 19816  Q   R 513080 + 8 [docker]
  7,3    1       74     1.285968163 19816  Q  RM 2184 + 8 [docker]
  7,3    2       93     1.303776431 19837  Q   R 394432 + 8 [nginx]
  7,3    3      173     1.380616392 18059  Q  RM 2064 + 8 [kworker/u8:0]
  7,3    3      174     1.380693732 18059  Q   W 264616 + 8 [kworker/u8:0]
  7,3    3      175     1.380722991 19807  Q  WS 3932160 + 8 [jbd2/loop3-8]
  7,3    3      176     1.380775857 19807  Q  WS 3932168 + 8 [jbd2/loop3-8]
  7,3    3      177     1.380816995 19807  Q  WS 3932176 + 8 [jbd2/loop3-8]
  7,3    3      178     1.380817758 19807  Q  WS 3932184 + 8 [jbd2/loop3-8]
  7,3    3      179     1.380818351 19807  Q  WS 3932192 + 8 [jbd2/loop3-8]
  7,3    3      180     1.380818897 19807  Q  WS 3932200 + 8 [jbd2/loop3-8]
  7,3    3      181     1.380819362 19807  Q  WS 3932208 + 8 [jbd2/loop3-8]
  7,3    3      182     1.380819821 19807  Q  WS 3932216 + 8 [jbd2/loop3-8]
  7,3    3      183     1.380820448 19807  Q  WS 3932224 + 8 [jbd2/loop3-8]
  7,3    3      184     1.380820884 19807  Q  WS 3932232 + 8 [jbd2/loop3-8]
  7,3    3      185     1.380821249 19807  Q  WS 3932240 + 8 [jbd2/loop3-8]
  7,3    3      186     1.380822017 19807  Q  WS 3932248 + 8 [jbd2/loop3-8]
  7,3    3      187     1.380822633 19807  Q  WS 3932256 + 8 [jbd2/loop3-8]
  7,3    3      188     1.380823138 19807  Q  WS 3932264 + 8 [jbd2/loop3-8]
  7,3    3      189     1.380823535 19807  Q  WS 3932272 + 8 [jbd2/loop3-8]
  7,3    3      190     1.380824137 19807  Q  WS 3932280 + 8 [jbd2/loop3-8]
  7,3    3      191     1.380824765 19807  Q  WS 3932288 + 8 [jbd2/loop3-8]
  7,3    3      192     1.380825181 19807  Q  WS 3932296 + 8 [jbd2/loop3-8]
  7,3    3      193     1.380825748 19807  Q  WS 3932304 + 8 [jbd2/loop3-8]
  7,3    3      194     1.380826308 19807  Q  WS 3932312 + 8 [jbd2/loop3-8]
  7,3    3      195     1.380826780 19807  Q  WS 3932320 + 8 [jbd2/loop3-8]
  7,3    3      196     1.380827221 19807  Q  WS 3932328 + 8 [jbd2/loop3-8]
  7,3    3      197     1.380827572 19807  Q  WS 3932336 + 8 [jbd2/loop3-8]
  7,3    3      198     1.380828001 19807  Q  WS 3932344 + 8 [jbd2/loop3-8]
  7,3    3      199     1.380828376 19807  Q  WS 3932352 + 8 [jbd2/loop3-8]
  7,3    3      200     1.380828918 19807  Q  WS 3932360 + 8 [jbd2/loop3-8]
  7,3    3      201     1.380829268 19807  Q  WS 3932368 + 8 [jbd2/loop3-8]
  7,3    3      202     1.380829795 19807  Q  WS 3932376 + 8 [jbd2/loop3-8]
  7,3    3      203     1.380830309 19807  Q  WS 3932384 + 8 [jbd2/loop3-8]
  7,3    3      204     1.380830713 19807  Q  WS 3932392 + 8 [jbd2/loop3-8]
  7,3    3      205     1.380831045 19807  Q  WS 3932400 + 8 [jbd2/loop3-8]
  7,3    3      206     1.380831405 19807  Q  WS 3932408 + 8 [jbd2/loop3-8]
  7,3    3      207     1.380831762 19807  Q  WS 3932416 + 8 [jbd2/loop3-8]
  7,3    3      208     1.381205006 19807  Q FWFS 3932424 + 8 [jbd2/loop3-8]
  7,3    3      209     1.386738813 19849  Q  WS 0 + 8 [umount]
  7,3    3      210     1.386760975 19849  Q WSM 8 + 8 [umount]
  7,3    3      211     1.386778427 19849  Q WSM 2064 + 8 [umount]
  7,3    3      212     1.386795881 19849  Q WSM 2184 + 8 [umount]
  7,3    3      213     1.386812890 19849  Q WSM 2312 + 8 [umount]
  7,3    3      214     1.386829334 19849  Q WSM 2352 + 8 [umount]
  7,3    3      215     1.386846201 19849  Q WSM 2384 + 8 [umount]
  7,3    3      216     1.386862426 19849  Q WSM 2392 + 8 [umount]
  7,3    3      217     1.386879069 19849  Q WSM 2408 + 8 [umount]
  7,3    3      218     1.386895579 19849  Q WSM 2472 + 8 [umount]
  7,3    3      219     1.386911966 19849  Q WSM 5784 + 8 [umount]
  7,3    3      220     1.386928696 19849  Q WSM 6048 + 8 [umount]
  7,3    3      221     1.386945822 19849  Q WSM 6056 + 8 [umount]
  7,3    3      222     1.386962278 19849  Q WSM 6064 + 8 [umount]
  7,3    3      223     1.386982688 19849  Q WSM 6216 + 8 [umount]
  7,3    3      224     1.386999745 19849  Q WSM 6408 + 8 [umount]
  7,3    3      225     1.387016379 19849  Q WSM 67848 + 8 [umount]
  7,3    3      226     1.387033176 19849  Q WSM 68472 + 8 [umount]
  7,3    3      227     1.387049495 19849  Q WSM 4194304 + 8 [umount]
  7,3    3      228     1.387067074 19849  Q WSM 4194432 + 8 [umount]
  7,3    3      229     1.387083881 19849  Q WSM 4194560 + 8 [umount]
  7,3    3      230     1.387100282 19849  Q WSM 4194832 + 8 [umount]
  7,3    3      231     1.387116478 19849  Q WSM 4194840 + 8 [umount]
  7,3    3      232     1.387133336 19849  Q WSM 4194848 + 8 [umount]
  7,3    3      233     1.387149737 19849  Q WSM 4194856 + 8 [umount]
  7,3    3      234     1.387166798 19849  Q WSM 4194864 + 8 [umount]
  7,3    3      235     1.387183784 19849  Q WSM 4194872 + 8 [umount]
  7,3    3      236     1.387200572 19849  Q WSM 4194888 + 8 [umount]
  7,3    3      237     1.387219629 19849  Q WSM 4195192 + 8 [umount]
  7,3    3      238     1.387236682 19849  Q WSM 4195216 + 8 [umount]
  7,3    3      240     1.405024857 19849  Q WFS 3932160 + 8 [umount]
  7,3    3      241     1.412529136 19849  Q WFS 3932160 + 8 [umount]
  7,3    3      242     1.420723680 19849  Q  WS 0 + 8 [umount]
